  test.5.11.cpp
C:\Users\竹洋\source\repos\test.5.11\test.5.11\test.5.11.cpp(4,21): error C2061: 语法错误: 标识符“string”
C:\Users\竹洋\source\repos\test.5.11\test.5.11\test.5.11.cpp(7,9): error C2065: “vector”: 未声明的标识符
C:\Users\竹洋\source\repos\test.5.11\test.5.11\test.5.11.cpp(7,16): error C2065: “vector”: 未声明的标识符
C:\Users\竹洋\source\repos\test.5.11\test.5.11\test.5.11.cpp(7,23): error C2062: 意外的类型“int”
C:\Users\竹洋\source\repos\test.5.11\test.5.11\test.5.11.cpp(9,30): error C2065: “word1”: 未声明的标识符
C:\Users\竹洋\source\repos\test.5.11\test.5.11\test.5.11.cpp(10,13): error C2065: “dp”: 未声明的标识符
C:\Users\竹洋\source\repos\test.5.11\test.5.11\test.5.11.cpp(11,30): error C2065: “word2”: 未声明的标识符
C:\Users\竹洋\source\repos\test.5.11\test.5.11\test.5.11.cpp(12,13): error C2065: “dp”: 未声明的标识符
C:\Users\竹洋\source\repos\test.5.11\test.5.11\test.5.11.cpp(14,30): error C2065: “word1”: 未声明的标识符
C:\Users\竹洋\source\repos\test.5.11\test.5.11\test.5.11.cpp(16,34): error C2065: “word2”: 未声明的标识符
C:\Users\竹洋\source\repos\test.5.11\test.5.11\test.5.11.cpp(22,21): error C2065: “word1”: 未声明的标识符
C:\Users\竹洋\source\repos\test.5.11\test.5.11\test.5.11.cpp(22,37): error C2065: “word2”: 未声明的标识符
C:\Users\竹洋\source\repos\test.5.11\test.5.11\test.5.11.cpp(23,21): error C2065: “dp”: 未声明的标识符
C:\Users\竹洋\source\repos\test.5.11\test.5.11\test.5.11.cpp(23,32): error C2065: “dp”: 未声明的标识符
C:\Users\竹洋\source\repos\test.5.11\test.5.11\test.5.11.cpp(25,21): error C2065: “dp”: 未声明的标识符
C:\Users\竹洋\source\repos\test.5.11\test.5.11\test.5.11.cpp(25,38): error C2065: “dp”: 未声明的标识符
C:\Users\竹洋\source\repos\test.5.11\test.5.11\test.5.11.cpp(25,52): error C2065: “dp”: 未声明的标识符
C:\Users\竹洋\source\repos\test.5.11\test.5.11\test.5.11.cpp(25,66): error C2065: “dp”: 未声明的标识符
C:\Users\竹洋\source\repos\test.5.11\test.5.11\test.5.11.cpp(25,32): error C3861: “min”: 找不到标识符
C:\Users\竹洋\source\repos\test.5.11\test.5.11\test.5.11.cpp(28,16): error C2065: “dp”: 未声明的标识符
C:\Users\竹洋\source\repos\test.5.11\test.5.11\test.5.11.cpp(28,19): error C2065: “word1”: 未声明的标识符
C:\Users\竹洋\source\repos\test.5.11\test.5.11\test.5.11.cpp(28,33): error C2065: “word2”: 未声明的标识符
