  test 11.11.cpp
C:\Users\竹洋\source\repos\test.11.11\test.11.11\test 11.11.cpp(42,13): error C2143: 语法错误: 缺少“;”(在“*”的前面)
C:\Users\竹洋\source\repos\test.11.11\test.11.11\test 11.11.cpp(22,18): error C2146: 语法错误: 缺少“;”(在标识符“head”的前面)
C:\Users\竹洋\source\repos\test.11.11\test.11.11\test 11.11.cpp(22,18): error C2065: “head”: 未声明的标识符
C:\Users\竹洋\source\repos\test.11.11\test.11.11\test 11.11.cpp(22,26): error C2065: “tail”: 未声明的标识符
C:\Users\竹洋\source\repos\test.11.11\test.11.11\test 11.11.cpp(22,34): error C2065: “head”: 未声明的标识符
C:\Users\竹洋\source\repos\test.11.11\test.11.11\test 11.11.cpp(22,40): error C2244: “std::begin”: 无法将函数定义与现有的声明匹配
C:\Users\竹洋\source\repos\test.11.11\test.11.11\test 11.11.cpp(22,53): error C2244: “std::end”: 无法将函数定义与现有的声明匹配
C:\Users\竹洋\source\repos\test.11.11\test.11.11\test 11.11.cpp(23,1): warning C4551: 缺少参数列表的函数调用
C:\Users\竹洋\source\repos\test.11.11\test.11.11\test 11.11.cpp(23,1): error C2563: 在形参表中不匹配
C:\Users\竹洋\source\repos\test.11.11\test.11.11\test 11.11.cpp(23,1): error C2568: “&&”: 无法解析函数重载
C:\Users\竹洋\source\repos\test.11.11\test.11.11\test 11.11.cpp(23,1): message : 可能是“_Ty *std::begin(_Ty (&)[_Size]) noexcept”
C:\Users\竹洋\source\repos\test.11.11\test.11.11\test 11.11.cpp(23,1): message : 或    “unknown-type std::begin(const _Container &)”
C:\Users\竹洋\source\repos\test.11.11\test.11.11\test 11.11.cpp(23,1): message : 或    “unknown-type std::begin(_Container &)”
C:\Users\竹洋\source\repos\test.11.11\test.11.11\test 11.11.cpp(23,1): message : 或    “const _Elem *std::begin(std::initializer_list<_Elem>) noexcept”
C:\Users\竹洋\source\repos\test.11.11\test.11.11\test 11.11.cpp(27,17): error C2065: “tail”: 未声明的标识符
C:\Users\竹洋\source\repos\test.11.11\test.11.11\test 11.11.cpp(32,17): error C2065: “tail”: 未声明的标识符
C:\Users\竹洋\source\repos\test.11.11\test.11.11\test 11.11.cpp(32,30): error C2065: “btr”: 未声明的标识符
C:\Users\竹洋\source\repos\test.11.11\test.11.11\test 11.11.cpp(33,17): error C2065: “btr”: 未声明的标识符
C:\Users\竹洋\source\repos\test.11.11\test.11.11\test 11.11.cpp(33,23): error C2065: “btr”: 未声明的标识符
C:\Users\竹洋\source\repos\test.11.11\test.11.11\test 11.11.cpp(35,13): error C2065: “tail”: 未声明的标识符
C:\Users\竹洋\source\repos\test.11.11\test.11.11\test 11.11.cpp(35,20): error C2065: “tail”: 未声明的标识符
C:\Users\竹洋\source\repos\test.11.11\test.11.11\test 11.11.cpp(37,9): error C2065: “tail”: 未声明的标识符
C:\Users\竹洋\source\repos\test.11.11\test.11.11\test 11.11.cpp(37,23): error C2065: “atr”: 未声明的标识符
C:\Users\竹洋\source\repos\test.11.11\test.11.11\test 11.11.cpp(37,29): error C2065: “atr”: 未声明的标识符
C:\Users\竹洋\source\repos\test.11.11\test.11.11\test 11.11.cpp(37,35): error C2065: “btr”: 未声明的标识符
C:\Users\竹洋\source\repos\test.11.11\test.11.11\test 11.11.cpp(38,16): error C2065: “head”: 未声明的标识符
C:\Users\竹洋\source\repos\test.11.11\test.11.11\test 11.11.cpp(42,36): error C2059: 语法错误:“>”
C:\Users\竹洋\source\repos\test.11.11\test.11.11\test 11.11.cpp(43,5): error C4430: 缺少类型说明符 - 假定为 int。注意: C++ 不支持默认 int
C:\Users\竹洋\source\repos\test.11.11\test.11.11\test 11.11.cpp(43,5): error C2059: 语法错误:“{”
C:\Users\竹洋\source\repos\test.11.11\test.11.11\test 11.11.cpp(43,5): error C2143: 语法错误: 缺少“;”(在“{”的前面)
C:\Users\竹洋\source\repos\test.11.11\test.11.11\test 11.11.cpp(43,5): error C2447: “{”: 缺少函数标题(是否是老式的形式表?)
C:\Users\竹洋\source\repos\test.11.11\test.11.11\test 11.11.cpp(51,13): error C2143: 语法错误: 缺少“;”(在“*”的前面)
C:\Users\竹洋\source\repos\test.11.11\test.11.11\test 11.11.cpp(51,13): error C4430: 缺少类型说明符 - 假定为 int。注意: C++ 不支持默认 int
C:\Users\竹洋\source\repos\test.11.11\test.11.11\test 11.11.cpp(51,5): error C2371: “ListNode”: 重定义；不同的基类型
C:\Users\竹洋\source\repos\test.11.11\test.11.11\test 11.11.cpp(42): message : 参见“ListNode”的声明
C:\Users\竹洋\source\repos\test.11.11\test.11.11\test 11.11.cpp(51,43): error C2059: 语法错误:“>”
C:\Users\竹洋\source\repos\test.11.11\test.11.11\test 11.11.cpp(51,53): error C4430: 缺少类型说明符 - 假定为 int。注意: C++ 不支持默认 int
C:\Users\竹洋\source\repos\test.11.11\test.11.11\test 11.11.cpp(51,53): error C2059: 语法错误:“{”
C:\Users\竹洋\source\repos\test.11.11\test.11.11\test 11.11.cpp(51,53): error C2143: 语法错误: 缺少“;”(在“{”的前面)
C:\Users\竹洋\source\repos\test.11.11\test.11.11\test 11.11.cpp(51,53): error C2447: “{”: 缺少函数标题(是否是老式的形式表?)
C:\Users\竹洋\source\repos\test.11.11\test.11.11\test 11.11.cpp(54,1): error C2059: 语法错误:“}”
C:\Users\竹洋\source\repos\test.11.11\test.11.11\test 11.11.cpp(54,1): error C2143: 语法错误: 缺少“;”(在“}”的前面)
